Fri Mar 09 2018 17:47:46 GMT+0700 (SE Asia Standard Time): GET /about
Fri Mar 09 2018 17:47:52 GMT+0700 (SE Asia Standard Time): GET /about
Fri Mar 09 2018 17:50:10 GMT+0700 (SE Asia Standard Time): GET /about
Fri Mar 09 2018 17:50:11 GMT+0700 (SE Asia Standard Time): GET /about
Fri Mar 09 2018 17:50:14 GMT+0700 (SE Asia Standard Time): GET /about
Fri Mar 09 2018 17:50:42 GMT+0700 (SE Asia Standard Time): GET /about
Fri Mar 09 2018 17:50:55 GMT+0700 (SE Asia Standard Time): GET /about
Fri Mar 09 2018 17:51:00 GMT+0700 (SE Asia Standard Time): GET /about
Fri Mar 09 2018 18:00:22 GMT+0700 (SE Asia Standard Time): GET /
Fri Mar 09 2018 18:02:16 GMT+0700 (SE Asia Standard Time): GET /about
Fri Mar 09 2018 18:02:41 GMT+0700 (SE Asia Standard Time): GET /about
Fri Mar 09 2018 18:02:43 GMT+0700 (SE Asia Standard Time): GET /about
Fri Mar 09 2018 18:02:45 GMT+0700 (SE Asia Standard Time): GET /
Fri Mar 09 2018 18:03:23 GMT+0700 (SE Asia Standard Time): GET /
Fri Mar 09 2018 18:03:34 GMT+0700 (SE Asia Standard Time): GET /
Fri Mar 09 2018 18:03:35 GMT+0700 (SE Asia Standard Time): GET /
Fri Mar 09 2018 18:03:35 GMT+0700 (SE Asia Standard Time): GET /
Fri Mar 09 2018 18:03:36 GMT+0700 (SE Asia Standard Time): GET /
Fri Mar 09 2018 18:03:46 GMT+0700 (SE Asia Standard Time): GET /
Sat Mar 10 2018 00:09:15 GMT+0700 (SE Asia Standard Time): GET /
Sat Mar 10 2018 00:09:15 GMT+0700 (SE Asia Standard Time): GET /favicon.ico
Sat Mar 10 2018 00:09:20 GMT+0700 (SE Asia Standard Time): GET /
Sat Mar 10 2018 00:09:21 GMT+0700 (SE Asia Standard Time): GET /about
Sat Mar 10 2018 00:09:23 GMT+0700 (SE Asia Standard Time): GET /
